Completion model 0 comp:
reach(3,1,1) reach(3,3,1) reach(3,1,2) reach(3,3,2) reach(3,4,2) reach(2,1,2) reach(4,3,1) reach(3,4,1) reach(2,1,1) reach(1,2,2) reach(4,3,2) reach(4,4,2) reach(1,1,2) reach(2,4,1) reach(4,4,1) reach(2,4,2) 
is't Answerset

maximal loop reach(3,1,1) reach(2,1,1) 

maximal loop reach(3,3,1) reach(4,3,1) reach(3,4,1) reach(2,4,1) reach(4,4,1) 

maximal loop reach(3,1,2) reach(2,1,2) reach(1,2,2) reach(1,1,2) 

maximal loop reach(3,3,2) reach(3,4,2) reach(4,3,2) reach(4,4,2) reach(2,4,2) 
Completion model 1 comp:
reach(3,3,2) reach(2,3,2) reach(3,4,2) reach(2,3,1) reach(4,3,1) reach(1,2,2) reach(4,3,2) reach(4,4,2) reach(1,1,2) reach(1,3,1) reach(4,4,1) reach(2,4,2) reach(1,4,2) 
is't Answerset

maximal loop reach(2,3,1) reach(1,3,1) 

maximal loop reach(4,3,1) reach(4,4,1) 

maximal loop reach(3,3,2) reach(2,3,2) reach(3,4,2) reach(4,3,2) reach(4,4,2) reach(2,4,2) reach(1,4,2) 

maximal loop reach(1,2,2) reach(1,1,2) 
Completion model 2 comp:
reach(3,3,1) reach(3,1,2) reach(3,3,2) reach(2,3,2) reach(3,4,2) reach(2,1,2) reach(2,3,1) reach(3,4,1) reach(1,3,2) reach(2,4,1) reach(2,4,2) reach(1,4,2) 
is't Answerset

maximal loop reach(3,3,1) reach(2,3,1) reach(3,4,1) reach(2,4,1) 

maximal loop reach(3,1,2) reach(2,1,2) 

maximal loop reach(3,3,2) reach(2,3,2) reach(3,4,2) reach(1,3,2) reach(2,4,2) reach(1,4,2) 
Completion model 3 comp:
reach(3,3,1) reach(3,3,2) reach(2,3,2) reach(3,4,2) reach(3,4,1) reach(1,2,2) reach(4,3,2) reach(4,4,2) reach(1,3,2) reach(1,3,1) reach(2,4,1) reach(2,4,2) reach(1,4,2) reach(1,4,1) 
is't Answerset

maximal loop reach(3,3,1) reach(3,4,1) reach(1,3,1) reach(2,4,1) reach(1,4,1) 

maximal loop reach(3,3,2) reach(2,3,2) reach(3,4,2) reach(1,2,2) reach(4,3,2) reach(4,4,2) reach(1,3,2) reach(2,4,2) reach(1,4,2) 
Completion model 4 comp:
reach(3,3,2) reach(2,3,2) reach(3,4,2) reach(1,2,2) reach(4,3,2) reach(4,4,2) reach(1,3,2) reach(1,3,1) reach(2,4,1) reach(2,4,2) reach(1,4,2) reach(1,4,1) 
is't Answerset

maximal loop reach(1,3,1) reach(2,4,1) reach(1,4,1) 

maximal loop reach(3,3,2) reach(2,3,2) reach(3,4,2) reach(1,2,2) reach(4,3,2) reach(4,4,2) reach(1,3,2) reach(2,4,2) reach(1,4,2) 
Completion model 5 comp:
reach(3,3,1) reach(2,3,2) reach(3,4,2) reach(4,3,1) reach(3,4,1) reach(4,3,2) reach(4,4,2) reach(1,3,2) reach(1,3,1) reach(4,4,1) reach(2,4,2) reach(1,4,2) reach(1,4,1) 
is't Answerset

maximal loop reach(3,3,1) reach(4,3,1) reach(3,4,1) reach(4,4,1) 

maximal loop reach(1,3,1) reach(1,4,1) 

maximal loop reach(2,3,2) reach(3,4,2) reach(4,3,2) reach(4,4,2) reach(1,3,2) reach(2,4,2) reach(1,4,2) 
Completion model 6 comp:
reach(3,3,1) reach(3,3,2) reach(2,3,2) reach(3,4,2) reach(3,4,1) reach(1,2,2) reach(4,3,2) reach(4,4,2) reach(1,3,2) reach(1,4,2) 
is't Answerset

maximal loop reach(3,3,1) reach(3,4,1) 

maximal loop reach(3,3,2) reach(2,3,2) reach(3,4,2) reach(1,2,2) reach(4,3,2) reach(4,4,2) reach(1,3,2) reach(1,4,2) 
Completion model 7 comp:
reach(2,3,2) reach(1,2,2) reach(4,3,2) reach(4,4,2) reach(1,3,2) reach(1,4,2) 
is't Answerset

maximal loop reach(2,3,2) reach(1,2,2) reach(1,3,2) reach(1,4,2) 

maximal loop reach(4,3,2) reach(4,4,2) 
Completion model 8 comp:
reach(3,3,2) reach(3,4,2) reach(1,3,2) reach(1,4,2) 
is't Answerset

maximal loop reach(3,3,2) reach(3,4,2) 

maximal loop reach(1,3,2) reach(1,4,2) 
Completion model 9 comp:
reach(4,2,2) reach(4,3,2) reach(1,3,2) reach(2,4,2) reach(1,4,2) 
is't Answerset

maximal loop reach(4,2,2) reach(4,3,2) 

maximal loop reach(1,3,2) reach(2,4,2) reach(1,4,2) 
Completion model 10 comp:
reach(4,2,1) reach(4,2,2) reach(2,2,2) reach(3,1,1) reach(3,3,1) reach(3,1,2) reach(3,3,2) reach(3,4,2) reach(4,1,2) reach(2,1,2) reach(4,3,1) reach(3,4,1) reach(2,1,1) reach(4,1,1) reach(4,3,2) reach(1,3,2) reach(2,4,1) reach(2,4,2) reach(1,4,2) 
is't Answerset

maximal loop reach(4,2,1) reach(3,1,1) reach(3,3,1) reach(4,3,1) reach(3,4,1) reach(2,1,1) reach(4,1,1) reach(2,4,1) 

maximal loop reach(4,2,2) reach(2,2,2) reach(3,1,2) reach(3,3,2) reach(3,4,2) reach(4,1,2) reach(2,1,2) reach(4,3,2) reach(1,3,2) reach(2,4,2) reach(1,4,2) 
Completion model 11 comp:
reach(3,3,1) reach(2,3,2) reach(3,4,2) reach(3,4,1) reach(1,2,2) reach(4,3,2) reach(1,3,2) reach(2,4,1) reach(2,4,2) reach(1,4,2) 
is't Answerset

maximal loop reach(3,3,1) reach(3,4,1) reach(2,4,1) 

maximal loop reach(2,3,2) reach(3,4,2) reach(1,2,2) reach(1,3,2) reach(2,4,2) reach(1,4,2) 
Completion model 12 comp:
reach(1,2,2) reach(1,3,2) reach(1,4,2) 
is't Answerset

maximal loop reach(1,2,2) reach(1,3,2) reach(1,4,2) 
Completion model 13 comp:
reach(2,2,2) reach(3,1,2) reach(3,3,2) reach(3,4,2) reach(2,1,2) reach(1,3,2) reach(2,4,2) reach(1,4,2) 
is't Answerset

maximal loop reach(2,2,2) reach(3,1,2) reach(2,1,2) 

maximal loop reach(3,3,2) reach(3,4,2) reach(1,3,2) reach(2,4,2) reach(1,4,2) 
Completion model 14 comp:
reach(3,3,2) reach(2,3,2) reach(3,4,2) reach(1,2,2) reach(1,3,2) reach(2,4,2) 
is't Answerset

maximal loop reach(3,3,2) reach(2,3,2) reach(3,4,2) reach(1,2,2) reach(1,3,2) reach(2,4,2) 
Completion model 15 comp:
reach(2,2,1) reach(2,2,2) reach(3,1,1) reach(3,1,2) reach(3,4,2) reach(2,1,2) reach(2,1,1) reach(4,3,2) reach(4,4,2) reach(2,4,2) 
is't Answerset

maximal loop reach(2,2,1) reach(3,1,1) reach(2,1,1) 

maximal loop reach(2,2,2) reach(3,1,2) reach(2,1,2) 

maximal loop reach(3,4,2) reach(4,3,2) reach(4,4,2) reach(2,4,2) 
Completion model 16 comp:
reach(3,2,1) reach(3,2,2) reach(2,2,2) reach(3,3,1) reach(3,3,2) reach(2,3,2) reach(3,4,2) reach(2,1,2) reach(2,3,1) reach(3,4,1) reach(1,3,2) reach(2,4,1) reach(2,4,2) reach(1,4,2) 
is't Answerset

maximal loop reach(3,2,1) reach(3,3,1) reach(2,3,1) reach(3,4,1) reach(2,4,1) 

maximal loop reach(3,2,2) reach(2,2,2) reach(3,3,2) reach(2,3,2) reach(3,4,2) reach(2,1,2) reach(1,3,2) reach(2,4,2) reach(1,4,2) 
Completion model 17 comp:
reach(2,3,2) reach(1,2,2) reach(1,3,2) reach(2,4,2) reach(1,4,2) 
is't Answerset

maximal loop reach(2,3,2) reach(1,2,2) reach(1,3,2) reach(2,4,2) reach(1,4,2) 
Completion model 18 comp:
reach(2,3,2) reach(3,4,2) reach(2,3,1) reach(3,4,1) reach(4,3,2) reach(4,4,2) reach(2,4,1) reach(2,4,2) 
is't Answerset

maximal loop reach(2,3,1) reach(3,4,1) reach(2,4,1) 

maximal loop reach(2,3,2) reach(3,4,2) reach(4,3,2) reach(4,4,2) reach(2,4,2) 
Completion model 19 comp:
reach(2,3,2) reach(1,2,2) reach(1,3,2) 
is't Answerset

maximal loop reach(2,3,2) reach(1,2,2) reach(1,3,2) 
Completion model 20 comp:
reach(2,2,1) reach(2,2,2) reach(3,3,2) reach(2,3,2) reach(3,4,2) reach(1,2,1) reach(1,2,2) reach(1,3,2) reach(2,4,2) reach(1,4,2) 
is't Answerset

maximal loop reach(2,2,1) reach(1,2,1) 

maximal loop reach(2,2,2) reach(3,3,2) reach(2,3,2) reach(3,4,2) reach(1,2,2) reach(1,3,2) reach(2,4,2) reach(1,4,2) 
Completion model 21 comp:
reach(2,3,2) reach(3,4,2) reach(1,2,2) reach(1,3,2) reach(2,4,2) 
is't Answerset

maximal loop reach(2,3,2) reach(3,4,2) reach(1,2,2) reach(1,3,2) reach(2,4,2) 
Completion model 22 comp:
reach(1,2,2) reach(1,3,2) 
is't Answerset

maximal loop reach(1,2,2) reach(1,3,2) 
Completion model 23 comp:
reach(2,3,2) reach(2,4,2) 
is't Answerset

maximal loop reach(2,3,2) reach(2,4,2) 
Completion model 24 comp:
reach(3,1,1) reach(3,1,2) reach(3,3,2) reach(2,3,2) reach(3,4,2) reach(4,1,2) reach(2,1,2) reach(2,1,1) reach(4,1,1) reach(1,2,2) reach(1,3,2) reach(1,1,2) reach(1,1,1) reach(2,4,2) 
is't Answerset

maximal loop reach(3,1,1) reach(2,1,1) reach(4,1,1) reach(1,1,1) 

maximal loop reach(3,1,2) reach(3,3,2) reach(2,3,2) reach(3,4,2) reach(4,1,2) reach(2,1,2) reach(1,2,2) reach(1,3,2) reach(1,1,2) reach(2,4,2) 
Completion model 25 comp:
reach(3,1,2) reach(3,3,2) reach(2,3,2) reach(3,4,2) reach(4,1,2) reach(2,1,2) reach(2,1,1) reach(1,2,2) reach(1,3,2) reach(1,1,2) reach(1,1,1) reach(2,4,2) 
is't Answerset

maximal loop reach(2,1,1) reach(1,1,1) 

maximal loop reach(3,1,2) reach(3,3,2) reach(2,3,2) reach(3,4,2) reach(4,1,2) reach(2,1,2) reach(1,2,2) reach(1,3,2) reach(1,1,2) reach(2,4,2) 
Completion model 26 comp:
reach(3,1,1) reach(3,1,2) reach(3,3,2) reach(2,3,2) reach(3,4,2) reach(4,1,2) reach(2,1,2) reach(4,1,1) reach(1,3,2) reach(1,1,2) reach(2,4,2) 
is't Answerset

maximal loop reach(3,1,1) reach(4,1,1) 

maximal loop reach(3,1,2) reach(4,1,2) reach(2,1,2) reach(1,1,2) 

maximal loop reach(3,3,2) reach(2,3,2) reach(3,4,2) reach(1,3,2) reach(2,4,2) 
Completion model 27 comp:
reach(2,3,2) reach(2,1,2) reach(1,3,2) reach(1,1,2) 
is't Answerset

maximal loop reach(2,3,2) reach(1,3,2) 

maximal loop reach(2,1,2) reach(1,1,2) 
Completion model 28 comp:
reach(3,2,1) reach(3,2,2) reach(3,3,1) reach(3,3,2) reach(2,3,2) reach(3,4,2) reach(2,3,1) reach(1,2,2) reach(1,3,2) reach(2,4,2) 
is't Answerset

maximal loop reach(3,2,1) reach(3,3,1) reach(2,3,1) 

maximal loop reach(3,2,2) reach(3,3,2) reach(2,3,2) reach(3,4,2) reach(1,2,2) reach(1,3,2) reach(2,4,2) 
Completion model 29 comp:
reach(3,2,2) reach(3,3,2) reach(2,3,2) reach(3,4,2) reach(3,4,1) reach(1,2,2) reach(1,3,2) reach(2,4,1) reach(2,4,2) 
is't Answerset

maximal loop reach(3,4,1) reach(2,4,1) 

maximal loop reach(3,2,2) reach(3,3,2) reach(2,3,2) reach(3,4,2) reach(1,2,2) reach(1,3,2) reach(2,4,2) 
Completion model 30 comp:
reach(3,2,2) reach(3,3,2) reach(2,3,2) reach(1,2,2) reach(1,3,2) 
is't Answerset

maximal loop reach(3,2,2) reach(3,3,2) reach(2,3,2) reach(1,2,2) reach(1,3,2) 
Completion model 31 comp:
reach(2,2,2) reach(3,1,2) reach(2,3,2) reach(4,1,2) reach(1,2,2) reach(1,3,2) reach(2,4,2) reach(1,4,2) 
is't Answerset

maximal loop reach(2,2,2) reach(2,3,2) reach(1,2,2) reach(1,3,2) reach(2,4,2) reach(1,4,2) 

maximal loop reach(3,1,2) reach(4,1,2) 
Completion model 32 comp:
reach(2,3,2) reach(1,3,2) reach(2,4,2) reach(1,4,2) 
is't Answerset

maximal loop reach(2,3,2) reach(1,3,2) reach(2,4,2) reach(1,4,2) 
Completion model 33 comp:
reach(2,2,2) reach(1,2,2) reach(1,3,2) reach(1,4,2) 
is't Answerset

maximal loop reach(2,2,2) reach(1,2,2) reach(1,3,2) reach(1,4,2) 
Completion model 34 comp:
reach(3,3,2) reach(3,4,2) reach(2,4,2) reach(1,4,2) 
is't Answerset

maximal loop reach(3,3,2) reach(3,4,2) reach(2,4,2) reach(1,4,2) 
Completion model 35 comp:
reach(3,2,2) reach(3,3,2) reach(2,3,2) reach(3,4,2) reach(1,3,2) reach(2,4,2) reach(1,4,2) 
is't Answerset

maximal loop reach(3,2,2) reach(3,3,2) reach(2,3,2) reach(3,4,2) reach(1,3,2) reach(2,4,2) reach(1,4,2) 
Completion model 36 comp:
reach(3,4,2) reach(1,3,2) reach(2,4,2) reach(1,4,2) 
is't Answerset

maximal loop reach(3,4,2) reach(1,3,2) reach(2,4,2) reach(1,4,2) 
Completion model 37 comp:
reach(3,3,2) reach(2,3,2) reach(3,4,2) reach(2,3,1) reach(1,2,1) reach(1,2,2) reach(1,3,2) reach(1,3,1) reach(2,4,2) 
is't Answerset

maximal loop reach(2,3,1) reach(1,2,1) reach(1,3,1) 

maximal loop reach(3,3,2) reach(2,3,2) reach(3,4,2) reach(1,2,2) reach(1,3,2) reach(2,4,2) 
Completion model 38 comp:
reach(3,3,2) reach(2,3,2) reach(3,4,2) reach(2,4,2) 
is't Answerset

maximal loop reach(3,3,2) reach(2,3,2) reach(3,4,2) reach(2,4,2) 
Completion model 39 comp:

is Answerset
Completion model 40 comp:
reach(3,3,2) reach(2,3,2) 
is't Answerset

maximal loop reach(3,3,2) reach(2,3,2) 
Completion model 41 comp:
reach(3,3,2) reach(3,4,2) reach(2,4,2) 
is't Answerset

maximal loop reach(3,3,2) reach(3,4,2) reach(2,4,2) 
Completion model 42 comp:

is Answerset
Answerset:1 2 3 4 5 6 7 8 9 10 11 12 13 14 15 16 17 18 19 20 21 22 23 24 25 26 27 28 29 30 31 32 33 34 35 36 37 38 39 40 41 42 43 44 45 46 47 48 49 50 51 52 53 54 55 56 57 58 59 60 61 62 63 64 65 66 67 68 69 70 71 72 73 74 75 76 77 78 79 80 81 82 83 84 85 86 87 88 89 90 91 92 93 94 95 96 97 98 99 100 101 102 103 104 105 106 107 108 109 110 111 112 113 114 115 116 117 118 119 120 121 122 123 124 125 126 127 128 129 130 131 132 133 134 135 136 137 138 139 140 141 142 143 144 145 146 147 148 149 150 151 152 153 154 155 156 157 158 159 160 161 162 163 164 165 166 167 168 169 170 171 172 173 174 175 176 177 178 179 180 181 182 183 184 185 186 187 188 189 190 191 192 193 194 195 196 197 198 199 200 201 202 203 204 205 206 207 208 209 210 211 212 213 214 215 216 217 218 219 220 221 222 224 229 232 235 238 241 242 243 244 247 248 249 252 256 263 264 267 270 274 275 276 280 281 282 286 287 288 290 292 296 297 298 299 300 301 302 303 304 305 306 307 308 309 310 311 312 313 314 315 316 317 318 319 320 321 322 323 324 325 328 331 333 334 335 336 339 340 341 342 343 344 345 346 347 348 349 350 351 352 353 354 355 357 358 359 361 406 412 422 424 425 429 435 440 443 445 447 464 465 466 467 487 488 489 505 507 514 517 528 533 539 543 545 546 549 582 583 584 585 626 
Answerset:1 2 3 4 5 6 7 8 9 10 11 12 13 14 15 16 17 18 19 20 21 22 23 24 25 26 27 28 29 30 31 32 33 34 35 36 37 38 39 40 41 42 43 44 45 46 47 48 49 50 51 52 53 54 55 56 57 58 59 60 61 62 63 64 65 66 67 68 69 70 71 72 73 74 75 76 77 78 79 80 81 82 83 84 85 86 87 88 89 90 91 92 93 94 95 96 97 98 99 100 101 102 103 104 105 106 107 108 109 110 111 112 113 114 115 116 117 118 119 120 121 122 123 124 125 126 127 128 129 130 131 132 133 134 135 136 137 138 139 140 141 142 143 144 145 146 147 148 149 150 151 152 153 154 155 156 157 158 159 160 161 162 163 164 165 166 167 168 169 170 171 172 173 174 175 176 177 178 179 180 181 182 183 184 185 186 187 188 189 190 191 192 193 194 195 196 197 198 199 200 201 202 203 204 205 206 207 208 209 210 211 212 213 214 215 216 217 218 219 220 221 222 224 229 232 235 238 241 242 243 244 247 248 249 252 256 261 265 267 270 273 275 276 279 281 282 285 287 288 290 292 296 297 298 299 300 301 302 303 304 305 306 307 308 309 310 311 312 313 314 315 316 317 318 319 320 321 322 324 325 327 328 329 331 333 334 337 338 339 340 341 342 343 344 345 346 347 348 349 350 351 352 355 356 357 358 359 361 406 412 422 423 425 428 440 443 445 447 464 465 466 467 487 488 489 495 505 506 507 516 519 520 528 533 538 539 543 544 547 549 562 563 564 565 
