Completion model 0:
 comp size: 30
is't Answerset

maximal loop reached(15) reached(37) reached(44) 
Completion model 1:
 comp size: 30
is't Answerset

maximal loop reached(30) reached(11) reached(41) reached(35) reached(4) reached(10) reached(46) reached(29) reached(44) reached(25) reached(39) reached(49) 
Completion model 2:
 comp size: 36
is't Answerset

maximal loop reached(48) reached(1) 
Completion model 3:
 comp size: 36
is't Answerset

maximal loop reached(48) reached(1) 
Completion model 4:
 comp size: 20
is't Answerset

maximal loop reached(36) reached(12) reached(41) reached(20) reached(25) reached(31) 
Completion model 5:
 comp size: 3
is't Answerset

maximal loop reached(19) reached(28) reached(37) 
Completion model 6:
 comp size: 14
is't Answerset

maximal loop reached(23) reached(27) reached(36) reached(25) 
Completion model 7:
 comp size: 0
is Answerset
Answerset:1 2 3 4 5 6 7 8 9 10 11 12 13 14 15 16 17 18 19 20 21 22 23 24 25 26 27 28 29 30 31 32 33 34 35 36 37 38 39 40 41 42 43 44 45 46 47 48 49 50 51 52 53 54 55 56 57 58 59 60 61 62 63 64 65 66 67 68 69 70 71 72 73 74 75 76 77 78 79 80 81 82 83 84 85 86 87 88 89 90 91 92 93 94 95 96 97 98 99 100 101 102 103 104 105 106 107 108 109 110 111 112 113 114 115 116 117 118 119 120 121 122 123 124 125 126 127 128 129 130 131 132 133 134 135 136 137 138 139 140 141 142 143 144 145 146 147 148 149 150 151 152 153 154 155 156 157 158 159 160 161 162 163 164 165 166 167 168 169 170 171 172 173 174 175 176 177 178 179 180 181 182 183 184 185 186 187 188 189 190 191 192 193 194 195 196 197 198 199 200 201 202 203 204 205 206 207 208 209 210 211 212 213 214 215 216 217 218 219 220 221 222 223 224 225 226 227 228 229 230 231 232 233 234 235 236 237 238 239 240 241 242 243 244 245 246 247 248 249 250 251 252 253 254 255 256 257 258 259 260 261 262 263 264 265 266 267 268 269 270 271 272 273 274 275 276 277 278 279 280 281 282 283 284 286 288 290 292 294 296 298 300 302 304 306 308 310 312 314 316 318 319 322 324 326 328 330 332 334 336 338 339 342 344 346 347 350 352 353 355 358 360 362 364 366 367 369 372 373 376 377 380 382 384 386 388 390 392 394 396 398 399 402 403 406 407 409 412 414 416 418 420 422 424 426 428 430 432 434 436 438 440 442 444 446 448 450 452 454 456 458 460 461 464 466 468 470 472 474 476 478 480 482 484 486 488 490 491 494 496 498 500 502 503 505 508 510 512 514 516 518 519 522 524 525 528 530 532 534 536 538 540 541 544 546 547 550 552 553 556 557 560 562 564 566 568 569 571 574 576 578 580 581 584 585 588 590 592 594 595 598 599 601 604 606 607 610 612 614 616 618 620 622 624 625 628 630 631 633 636 638 640 642 644 646 648 650 651 653 656 658 660 662 663 666 668 670 672 674 676 678 680 681 684 686 688 689 691 694 696 698 699 702 704 706 707 710 712 713 716 718 719 722 724 726 727 730 732 734 735 737 740 741 743 745 748 750 751 752 753 754 755 756 757 758 759 760 761 762 763 764 765 766 767 768 769 770 771 772 773 774 775 776 777 778 779 780 781 782 783 784 785 786 787 788 789 790 791 792 793 794 795 796 797 798 799 800 
